<?xml version="1.0" encoding="UTF-8"?>
<testsuites name="jest tests" tests="9" failures="0" errors="0" time="0.498">
  <testsuite name="UniqueName 함수" errors="0" failures="0" skipped="0" timestamp="2025-06-01T10:00:36" time="0.138" tests="2">
    <testcase classname="UniqueName 함수" name="UniqueName 생성되는지 확인" time="0.002">
    </testcase>
    <testcase classname="UniqueName 함수" name="랜덤하게 생성된 닉네임이 중복되는 경우 재시도 하는지 확인" time="0">
    </testcase>
  </testsuite>
  <testsuite name="randomUsername 함수" errors="0" failures="0" skipped="0" timestamp="2025-06-01T10:00:36" time="0.037" tests="4">
    <testcase classname="randomUsername 함수" name="기본 형식의 사용자 이름을 생성해야 함" time="0.001">
    </testcase>
    <testcase classname="randomUsername 함수" name="maxNum이 주어지면 해당 범위 내의 숫자를 포함해야 함" time="0.002">
    </testcase>
    <testcase classname="randomUsername 함수" nam./components/features/item/item.tsx:5:1e="maxLength가 주어지면 해당 길이를 초과하지 않아야 함" time="0">
    </testcase>
    <testcase classname="randomUsername 함수" name="maxLength와 maxNum이 모두 주어지면 두 조건을 모두 만족해야 함" time="0.001">
    </testcase>
  </testsuite>
  <testsuite name="기본 테스트" errors="0" failures="0" skipped="0" timestamp="2025-06-01T10:00:37" time="0.034" tests="3">
    <testcase classname="기본 테스트" name="1 + 1은 2여야 합니다" time="0.001">
    </testcase>
    <testcase classname="기본 테스트" name="배열에 특정 요소가 포함되어 있어야 합니다" time="0">
    </testcase>
    <testcase classname="기본 테스트" name="객체가 특정 속성을 가지고 있어야 합니다" time="0">
    </testcase>
  </testsuite>
</testsuites>